[I 250530 09:16:59 testsomething:109] on open
[I 250530 09:18:25 testsomething:109] on open
[I 250530 09:47:57 testsomething:109] on open
[W 250530 13:09:54 smartWebSocketV2:319] Attempting to resubscribe/reconnect (Attempt 1)...
[W 250530 13:09:54 smartWebSocketV2:319] Attempting to resubscribe/reconnect (Attempt 1)...
[E 250530 13:09:54 smartWebSocketV2:212] Error occurred during subscribe: [Errno 32] Broken pipe
[E 250530 13:10:34 testsomething:115] Connection closed
[W 250530 13:10:34 smartWebSocketV2:343] Connection closed due to max retry attempts reached.
[E 250530 13:10:34 testsomething:115] Connection closed
[W 250530 13:10:34 smartWebSocketV2:343] Connection closed due to max retry attempts reached.
[E 250530 13:10:34 testsomething:115] Connection closed
[W 250530 13:10:34 smartWebSocketV2:343] Connection closed due to max retry attempts reached.
[E 250530 13:10:34 testsomething:115] Connection closed
[W 250530 13:10:34 smartWebSocketV2:343] Connection closed due to max retry attempts reached.
[E 250530 13:10:34 testsomething:115] Connection closed
[W 250530 13:10:34 smartWebSocketV2:343] Connection closed due to max retry attempts reached.
[E 250530 13:10:34 testsomething:115] Connection closed
[W 250530 13:10:34 smartWebSocketV2:343] Connection closed due to max retry attempts reached.
[E 250530 13:10:41 smartWebSocketV2:212] Error occurred during subscribe: socket is already closed.
[W 250530 13:11:06 smartWebSocketV2:319] Attempting to resubscribe/reconnect (Attempt 1)...
[I 250530 13:11:17 testsomething:109] on open
