[I 250428 09:17:19 testsomething:108] on open
[W 250428 09:23:15 smartWebSocketV2:319] Attempting to resubscribe/reconnect (Attempt 1)...
[I 250428 09:23:25 testsomething:108] on open
[E 250428 09:23:25 testsomething:114] Connection closed
[W 250428 09:23:25 smartWebSocketV2:343] Connection closed due to max retry attempts reached.
[E 250428 09:23:25 testsomething:114] Connection closed
[W 250428 09:23:25 smartWebSocketV2:343] Connection closed due to max retry attempts reached.
[E 250428 09:23:25 testsomething:114] Connection closed
[W 250428 09:23:25 smartWebSocketV2:343] Connection closed due to max retry attempts reached.
[E 250428 09:23:29 smartWebSocketV2:212] Error occurred during subscribe: Connection is already closed.
[I 250428 09:27:06 testsomething:108] on open
[W 250428 09:27:06 smartWebSocketV2:319] Attempting to resubscribe/reconnect (Attempt 1)...
[I 250428 09:27:33 testsomething:108] on open
[W 250428 09:27:33 smartWebSocketV2:319] Attempting to resubscribe/reconnect (Attempt 1)...
[I 250428 09:27:44 testsomething:108] on open
[E 250428 09:27:44 testsomething:114] Connection closed
[W 250428 09:27:44 smartWebSocketV2:343] Connection closed due to max retry attempts reached.
[E 250428 09:27:44 testsomething:114] Connection closed
[W 250428 09:27:44 smartWebSocketV2:343] Connection closed due to max retry attempts reached.
[E 250428 09:27:44 testsomething:114] Connection closed
[W 250428 09:27:44 smartWebSocketV2:343] Connection closed due to max retry attempts reached.
[I 250428 09:28:23 testsomething:108] on open
[W 250428 09:28:23 smartWebSocketV2:319] Attempting to resubscribe/reconnect (Attempt 1)...
[I 250428 09:29:02 testsomething:109] on open
[W 250428 09:29:02 smartWebSocketV2:319] Attempting to resubscribe/reconnect (Attempt 1)...
[I 250428 09:29:12 testsomething:109] on open
[E 250428 09:29:12 testsomething:115] Connection closed
[W 250428 09:29:12 smartWebSocketV2:343] Connection closed due to max retry attempts reached.
[E 250428 09:29:12 testsomething:115] Connection closed
[W 250428 09:29:12 smartWebSocketV2:343] Connection closed due to max retry attempts reached.
[E 250428 09:29:12 testsomething:115] Connection closed
[W 250428 09:29:12 smartWebSocketV2:343] Connection closed due to max retry attempts reached.
[E 250428 09:29:16 smartWebSocketV2:212] Error occurred during subscribe: Connection is already closed.
[I 250428 09:29:38 testsomething:109] on open
[W 250428 09:29:38 smartWebSocketV2:319] Attempting to resubscribe/reconnect (Attempt 1)...
[I 250428 09:34:14 testsomething:109] on open
[W 250428 09:34:14 smartWebSocketV2:319] Attempting to resubscribe/reconnect (Attempt 1)...
[I 250428 09:34:24 testsomething:109] on open
[E 250428 09:34:25 testsomething:115] Connection closed
[W 250428 09:34:25 smartWebSocketV2:343] Connection closed due to max retry attempts reached.
[E 250428 09:34:25 testsomething:115] Connection closed
[W 250428 09:34:25 smartWebSocketV2:343] Connection closed due to max retry attempts reached.
[E 250428 09:34:25 testsomething:115] Connection closed
[W 250428 09:34:25 smartWebSocketV2:343] Connection closed due to max retry attempts reached.
[E 250428 09:34:28 smartWebSocketV2:212] Error occurred during subscribe: Connection is already closed.
[I 250428 09:35:20 testsomething:109] on open
[W 250428 09:35:20 smartWebSocketV2:319] Attempting to resubscribe/reconnect (Attempt 1)...
[I 250428 09:35:31 testsomething:109] on open
[E 250428 09:35:31 testsomething:115] Connection closed
[W 250428 09:35:31 smartWebSocketV2:343] Connection closed due to max retry attempts reached.
[E 250428 09:35:31 testsomething:115] Connection closed
[W 250428 09:35:31 smartWebSocketV2:343] Connection closed due to max retry attempts reached.
[E 250428 09:35:31 testsomething:115] Connection closed
[W 250428 09:35:31 smartWebSocketV2:343] Connection closed due to max retry attempts reached.
[E 250428 09:35:34 smartWebSocketV2:212] Error occurred during subscribe: Connection is already closed.
[I 250428 09:35:38 testsomething:109] on open
[W 250428 09:35:38 smartWebSocketV2:319] Attempting to resubscribe/reconnect (Attempt 1)...
[I 250428 09:35:49 testsomething:109] on open
[E 250428 09:35:49 testsomething:115] Connection closed
[W 250428 09:35:49 smartWebSocketV2:343] Connection closed due to max retry attempts reached.
[E 250428 09:35:49 testsomething:115] Connection closed
[W 250428 09:35:49 smartWebSocketV2:343] Connection closed due to max retry attempts reached.
[E 250428 09:35:49 testsomething:115] Connection closed
[W 250428 09:35:49 smartWebSocketV2:343] Connection closed due to max retry attempts reached.
[I 250428 09:35:50 testsomething:109] on open
[W 250428 09:35:51 smartWebSocketV2:319] Attempting to resubscribe/reconnect (Attempt 1)...
[I 250428 09:36:00 testsomething:109] on open
[W 250428 09:36:00 smartWebSocketV2:319] Attempting to resubscribe/reconnect (Attempt 1)...
[I 250428 09:36:10 testsomething:109] on open
[E 250428 09:36:11 testsomething:115] Connection closed
[W 250428 09:36:11 smartWebSocketV2:343] Connection closed due to max retry attempts reached.
[E 250428 09:36:11 testsomething:115] Connection closed
[W 250428 09:36:11 smartWebSocketV2:343] Connection closed due to max retry attempts reached.
[E 250428 09:36:11 testsomething:115] Connection closed
[W 250428 09:36:11 smartWebSocketV2:343] Connection closed due to max retry attempts reached.
[E 250428 09:36:15 smartWebSocketV2:212] Error occurred during subscribe: Connection is already closed.
[I 250428 09:36:47 testsomething:109] on open
[W 250428 09:36:47 smartWebSocketV2:319] Attempting to resubscribe/reconnect (Attempt 1)...
[E 250428 09:37:00 smartWebSocketV2:212] Error occurred during subscribe: socket is already closed.
[I 250428 09:37:01 testsomething:109] on open
[E 250428 09:37:01 testsomething:115] Connection closed
[W 250428 09:37:01 smartWebSocketV2:343] Connection closed due to max retry attempts reached.
[E 250428 09:37:01 testsomething:115] Connection closed
[W 250428 09:37:01 smartWebSocketV2:343] Connection closed due to max retry attempts reached.
[E 250428 09:37:01 testsomething:115] Connection closed
[W 250428 09:37:01 smartWebSocketV2:343] Connection closed due to max retry attempts reached.
[I 250428 09:37:09 testsomething:109] on open
[W 250428 09:37:09 smartWebSocketV2:319] Attempting to resubscribe/reconnect (Attempt 1)...
[I 250428 09:37:21 testsomething:109] on open
[E 250428 09:37:21 testsomething:115] Connection closed
[W 250428 09:37:21 smartWebSocketV2:343] Connection closed due to max retry attempts reached.
[E 250428 09:37:21 testsomething:115] Connection closed
[W 250428 09:37:21 smartWebSocketV2:343] Connection closed due to max retry attempts reached.
[E 250428 09:37:21 testsomething:115] Connection closed
[W 250428 09:37:21 smartWebSocketV2:343] Connection closed due to max retry attempts reached.
[E 250428 09:37:24 smartWebSocketV2:212] Error occurred during subscribe: Connection is already closed.
[I 250428 09:38:06 testsomething:109] on open
[W 250428 09:38:06 smartWebSocketV2:319] Attempting to resubscribe/reconnect (Attempt 1)...
[I 250428 09:38:16 testsomething:109] on open
[E 250428 09:38:16 testsomething:115] Connection closed
[W 250428 09:38:16 smartWebSocketV2:343] Connection closed due to max retry attempts reached.
[E 250428 09:38:16 testsomething:115] Connection closed
[W 250428 09:38:16 smartWebSocketV2:343] Connection closed due to max retry attempts reached.
[E 250428 09:38:16 testsomething:115] Connection closed
[W 250428 09:38:16 smartWebSocketV2:343] Connection closed due to max retry attempts reached.
[I 250428 09:38:43 testsomething:109] on open
[W 250428 09:38:43 smartWebSocketV2:319] Attempting to resubscribe/reconnect (Attempt 1)...
[I 250428 09:38:54 testsomething:109] on open
[E 250428 09:38:54 testsomething:115] Connection closed
[W 250428 09:38:54 smartWebSocketV2:343] Connection closed due to max retry attempts reached.
[E 250428 09:38:54 testsomething:115] Connection closed
[W 250428 09:38:54 smartWebSocketV2:343] Connection closed due to max retry attempts reached.
[E 250428 09:38:54 testsomething:115] Connection closed
[W 250428 09:38:54 smartWebSocketV2:343] Connection closed due to max retry attempts reached.
[I 250428 09:38:58 testsomething:109] on open
[I 250428 09:55:46 testsomething:109] on open
[I 250428 09:59:42 testsomething:109] on open
[I 250428 10:13:45 testsomething:109] on open
